Determining if the pthread_create exist failed with the following output:
Change Dir: /home/wozhouh/文档/Work/workspace/system/MovingRobot/build/CMakeFiles/CMakeTmp

Run Build Command:"/usr/bin/make" "cmTC_8ab08/fast"
/usr/bin/make -f CMakeFiles/cmTC_8ab08.dir/build.make CMakeFiles/cmTC_8ab08.dir/build
make[1]: Entering directory '/home/wozhouh/文档/Work/workspace/system/MovingRobot/build/CMakeFiles/CMakeTmp'
Building C object CMakeFiles/cmTC_8ab08.dir/CheckSymbolExists.c.o
/usr/bin/cc    -o CMakeFiles/cmTC_8ab08.dir/CheckSymbolExists.c.o   -c /home/wozhouh/文档/Work/workspace/system/MovingRobot/build/CMakeFiles/CMakeTmp/CheckSymbolExists.c
Linking C executable cmTC_8ab08
/usr/bin/cmake -E cmake_link_script CMakeFiles/cmTC_8ab08.dir/link.txt --verbose=1
/usr/bin/cc      -rdynamic CMakeFiles/cmTC_8ab08.dir/CheckSymbolExists.c.o  -o cmTC_8ab08 
CMakeFiles/cmTC_8ab08.dir/CheckSymbolExists.c.o：在函数‘main’中：
CheckSymbolExists.c:(.text+0x1b)：对‘pthread_create’未定义的引用
collect2: error: ld returned 1 exit status
CMakeFiles/cmTC_8ab08.dir/build.make:97: recipe for target 'cmTC_8ab08' failed
make[1]: *** [cmTC_8ab08] Error 1
make[1]: Leaving directory '/home/wozhouh/文档/Work/workspace/system/MovingRobot/build/CMakeFiles/CMakeTmp'
Makefile:126: recipe for target 'cmTC_8ab08/fast' failed
make: *** [cmTC_8ab08/fast] Error 2

File /home/wozhouh/文档/Work/workspace/system/MovingRobot/build/CMakeFiles/CMakeTmp/CheckSymbolExists.c:
/* */
#include <pthread.h>

int main(int argc, char** argv)
{
  (void)argv;
#ifndef pthread_create
  return ((int*)(&pthread_create))[argc];
#else
  (void)argc;
  return 0;
#endif
}

Determining if the function pthread_create exists in the pthreads failed with the following output:
Change Dir: /home/wozhouh/文档/Work/workspace/system/MovingRobot/build/CMakeFiles/CMakeTmp

Run Build Command:"/usr/bin/make" "cmTC_29ae4/fast"
/usr/bin/make -f CMakeFiles/cmTC_29ae4.dir/build.make CMakeFiles/cmTC_29ae4.dir/build
make[1]: Entering directory '/home/wozhouh/文档/Work/workspace/system/MovingRobot/build/CMakeFiles/CMakeTmp'
Building C object CMakeFiles/cmTC_29ae4.dir/CheckFunctionExists.c.o
/usr/bin/cc   -DCHECK_FUNCTION_EXISTS=pthread_create   -o CMakeFiles/cmTC_29ae4.dir/CheckFunctionExists.c.o   -c /usr/share/cmake-3.9/Modules/CheckFunctionExists.c
Linking C executable cmTC_29ae4
/usr/bin/cmake -E cmake_link_script CMakeFiles/cmTC_29ae4.dir/link.txt --verbose=1
/usr/bin/cc  -DCHECK_FUNCTION_EXISTS=pthread_create    -rdynamic CMakeFiles/cmTC_29ae4.dir/CheckFunctionExists.c.o  -o cmTC_29ae4 -lpthreads 
/usr/bin/ld: 找不到 -lpthreads
collect2: error: ld returned 1 exit status
CMakeFiles/cmTC_29ae4.dir/build.make:97: recipe for target 'cmTC_29ae4' failed
make[1]: *** [cmTC_29ae4] Error 1
make[1]: Leaving directory '/home/wozhouh/文档/Work/workspace/system/MovingRobot/build/CMakeFiles/CMakeTmp'
Makefile:126: recipe for target 'cmTC_29ae4/fast' failed
make: *** [cmTC_29ae4/fast] Error 2


